2025-09-20 09:41:41,640 - INFO - Found 9 files to organize in /tmp/temp
2025-09-20 09:41:41,640 - INFO - Created folder: /tmp/temp/1404-05-17
2025-09-20 09:41:41,641 - INFO - Created folder: /tmp/temp/1404-05-15
2025-09-20 09:41:41,641 - INFO - Created folder: /tmp/temp/1404-04-06
2025-09-20 09:41:41,641 - INFO - Created folder: /tmp/temp/1404-05-14
2025-09-20 09:41:41,641 - INFO - Created folder: /tmp/temp/1404-05-16
2025-09-20 09:41:41,641 - INFO - Created folder: /tmp/temp/1399-08-03
2025-09-20 09:41:41,641 - INFO - Moved file: 194.48.198 → /tmp/temp/1404-05-15/
2025-09-20 09:41:41,642 - INFO - Moved file: 194.48.198.png → /tmp/temp/1404-05-15/
2025-09-20 09:41:41,642 - INFO - Moved file: Cryptography.webp → /tmp/temp/1404-05-14/
2025-09-20 09:41:41,642 - INFO - Moved file: FLOW-03.jpg → /tmp/temp/1399-08-03/
2025-09-20 09:41:41,642 - INFO - Moved file: IMG-20250608-WA0059.jpg → /tmp/temp/1404-04-06/
2025-09-20 09:41:41,643 - INFO - Moved file: STYLEGUIDE.txt → /tmp/temp/1404-05-15/
2025-09-20 09:41:41,643 - INFO - Moved file: Think Python Glossary by Alphabetic order.pdf → /tmp/temp/1404-05-17/
2025-09-20 09:41:41,643 - INFO - Moved file: Think Python Glossary by Chapter.pdf → /tmp/temp/1404-05-17/
2025-09-20 09:41:41,643 - INFO - Moved file: thinkpython2.pdf → /tmp/temp/1404-05-16/
2025-09-20 09:41:41,644 - INFO - Organization completed!
2025-09-20 09:42:02,124 - INFO - Found 9 files to organize in /tmp/temp
2025-09-20 09:42:02,124 - INFO - Created folder: /tmp/temp/jpg_files
2025-09-20 09:42:02,125 - INFO - Created folder: /tmp/temp/png_files
2025-09-20 09:42:02,125 - INFO - Created folder: /tmp/temp/pdf_files
2025-09-20 09:42:02,125 - INFO - Created folder: /tmp/temp/txt_files
2025-09-20 09:42:02,125 - INFO - Created folder: /tmp/temp/webp_files
2025-09-20 09:42:02,125 - INFO - Created folder: /tmp/temp/198_files
2025-09-20 09:42:02,125 - INFO - Moved file: 194.48.198 → /tmp/temp/198_files/
2025-09-20 09:42:02,125 - INFO - Moved file: 194.48.198.png → /tmp/temp/png_files/
2025-09-20 09:42:02,125 - INFO - Moved file: Cryptography.webp → /tmp/temp/webp_files/
2025-09-20 09:42:02,126 - INFO - Moved file: FLOW-03.jpg → /tmp/temp/jpg_files/
2025-09-20 09:42:02,126 - INFO - Moved file: IMG-20250608-WA0059.jpg → /tmp/temp/jpg_files/
2025-09-20 09:42:02,126 - INFO - Moved file: STYLEGUIDE.txt → /tmp/temp/txt_files/
2025-09-20 09:42:02,126 - INFO - Moved file: Think Python Glossary by Alphabetic order.pdf → /tmp/temp/pdf_files/
2025-09-20 09:42:02,126 - INFO - Moved file: Think Python Glossary by Chapter.pdf → /tmp/temp/pdf_files/
2025-09-20 09:42:02,126 - INFO - Moved file: thinkpython2.pdf → /tmp/temp/pdf_files/
2025-09-20 09:42:02,126 - INFO - Organization completed!
